<?xml version="1.0" encoding="utf-8"?><testsuites name="pytest tests"><testsuite name="pytest" errors="0" failures="0" skipped="0" tests="48" time="1.875" timestamp="2026-09-18T09:17:34.506539+05:30" hostname="admin-48.local"><properties><property name="hypothesis-statistics-outputs/aegis-ulpf/tests/test_pipeline.py::test_arbitrary_received_bytes_are_never_lost" value="b3V0cHV0cy9hZWdpcy11bHBmL3Rlc3RzL3Rlc3RfcGlwZWxpbmUucHk6OnRlc3RfYXJiaXRyYXJ5X3JlY2VpdmVkX2J5dGVzX2FyZV9uZXZlcl9sb3N0OgoKICAtIGR1cmluZyBnZW5lcmF0ZSBwaGFzZSAoMC4wNiBzZWNvbmRzKToKICAgIC0gVHlwaWNhbCBydW50aW1lczogPCAxbXMsIG9mIHdoaWNoIDwgMW1zIGluIGRhdGEgZ2VuZXJhdGlvbgogICAgLSAxMDAgcGFzc2luZywgMCBmYWlsaW5nLCBhbmQgMCBpbnZhbGlkIHRlc3QgY2FzZXMKCiAgLSBTdG9wcGVkIGJlY2F1c2Ugc2V0dGluZ3MubWF4X2V4YW1wbGVzPTEwMA==" /></properties><testcase classname="outputs.aegis-ulpf.tests.test_api" name="test_api_auth_ingest_evidence_export_and_case" time="0.112" /><testcase classname="outputs.aegis-ulpf.tests.test_api" name="test_file_upload_keeps_line_terminators" time="0.035" /><testcase classname="outputs.aegis-ulpf.tests.test_api" name="test_static_assets_are_local_and_csp_present" time="0.041" /><testcase classname="outputs.aegis-ulpf.tests.test_api" name="test_source_edit_preserves_original_evidence_metadata" time="0.037" /><testcase classname="outputs.aegis-ulpf.tests.test_integrity" name="test_merkle_all_leaves_and_tamper[1]" time="0.000" /><testcase classname="outputs.aegis-ulpf.tests.test_integrity" name="test_merkle_all_leaves_and_tamper[2]" time="0.000" /><testcase classname="outputs.aegis-ulpf.tests.test_integrity" name="test_merkle_all_leaves_and_tamper[3]" time="0.000" /><testcase classname="outputs.aegis-ulpf.tests.test_integrity" name="test_merkle_all_leaves_and_tamper[7]" time="0.000" /><testcase classname="outputs.aegis-ulpf.tests.test_integrity" name="test_merkle_all_leaves_and_tamper[16]" time="0.000" /><testcase classname="outputs.aegis-ulpf.tests.test_integrity" name="test_merkle_all_leaves_and_tamper[35]" time="0.001" /><testcase classname="outputs.aegis-ulpf.tests.test_integrity" name="test_quorum_outage_and_catch_up" time="0.016" /><testcase classname="outputs.aegis-ulpf.tests.test_integrity" name="test_witness_refuses_conflict" time="0.002" /><testcase classname="outputs.aegis-ulpf.tests.test_integrity" name="test_manifest_tampering_detected" time="0.016" /><testcase classname="outputs.aegis-ulpf.tests.test_integrity" name="test_plugin_tamper_signature_and_trust" time="0.106" /><testcase classname="outputs.aegis-ulpf.tests.test_integrity" name="test_wasm_fuel_stops_infinite_loop" time="0.002" /><testcase classname="outputs.aegis-ulpf.tests.test_integrity" name="test_wasm_host_access_forbidden" time="0.001" /><testcase classname="outputs.aegis-ulpf.tests.test_integrity" name="test_wasm_memory_limit" time="0.001" /><testcase classname="outputs.aegis-ulpf.tests.test_integrity" name="test_projection_consistency" time="0.001" /><testcase classname="outputs.aegis-ulpf.tests.test_network" name="test_real_tcp_udp_tls_octet_and_newline_frames" time="0.092" /><testcase classname="outputs.aegis-ulpf.tests.test_network" name="test_outbox_retry_preserves_delivery_key" time="0.560" /><testcase classname="outputs.aegis-ulpf.tests.test_network" name="test_semantic_assertions_cannot_reference_unrelated_events" time="0.011" /><testcase classname="outputs.aegis-ulpf.tests.test_network" name="test_parser_revision_keeps_original_approval_and_allows_rollback" time="0.016" /><testcase classname="outputs.aegis-ulpf.tests.test_pipeline" name="test_raw_exact_bytes_unique_event_identity" time="0.010" /><testcase classname="outputs.aegis-ulpf.tests.test_pipeline" name="test_raw_sql_immutable" time="0.009" /><testcase classname="outputs.aegis-ulpf.tests.test_pipeline" name="test_malformed_is_preserved_with_explicit_failure[\xff\xfe\x00]" time="0.012" /><testcase classname="outputs.aegis-ulpf.tests.test_pipeline" name="test_malformed_is_preserved_with_explicit_failure[{&quot;src&quot;:]" time="0.011" /><testcase classname="outputs.aegis-ulpf.tests.test_pipeline" name="test_malformed_is_preserved_with_explicit_failure[{&quot;x&quot;:1,&quot;x&quot;:2}]" time="0.010" /><testcase classname="outputs.aegis-ulpf.tests.test_pipeline" name="test_malformed_is_preserved_with_explicit_failure[&lt;log&gt;&lt;!ENTITY a &quot;x&quot;&gt;&lt;/log&gt;]" time="0.012" /><testcase classname="outputs.aegis-ulpf.tests.test_pipeline" name="test_malformed_is_preserved_with_explicit_failure[{&quot;x&quot;:NaN}]" time="0.021" /><testcase classname="outputs.aegis-ulpf.tests.test_pipeline" name="test_arbitrary_received_bytes_are_never_lost" time="0.075" /><testcase classname="outputs.aegis-ulpf.tests.test_pipeline" name="test_oversize_rejected_before_acceptance" time="0.009" /><testcase classname="outputs.aegis-ulpf.tests.test_pipeline" name="test_unknown_approval_replay_and_provenance" time="0.013" /><testcase classname="outputs.aegis-ulpf.tests.test_pipeline" name="test_semantics_catch_swapped_ips" time="0.011" /><testcase classname="outputs.aegis-ulpf.tests.test_pipeline" name="test_edit_invalidates_validation" time="0.011" /><testcase classname="outputs.aegis-ulpf.tests.test_pipeline" name="test_drift_is_quarantined_not_silently_mapped" time="0.010" /><testcase classname="outputs.aegis-ulpf.tests.test_pipeline" name="test_recovery_after_crash_between_commit_and_parse" time="0.012" /><testcase classname="outputs.aegis-ulpf.tests.test_pipeline" name="test_concurrent_ingestion_accounted" time="0.044" /><testcase classname="outputs.aegis-ulpf.tests.test_pipeline" name="test_format_adapters[CEF:0|Vendor|Device|1|10|Connection blocked|8|src=10.0.0.1 dst=192.0.2.1 spt=42 dpt=443 proto=TCP act=deny msg=two words here-cef]" time="0.000" /><testcase classname="outputs.aegis-ulpf.tests.test_pipeline" name="test_format_adapters[LEEF:1.0|Vendor|Device|1|10|src=10.0.0.1\tdst=192.0.2.1\taction=deny-leef]" time="0.000" /><testcase classname="outputs.aegis-ulpf.tests.test_pipeline" name="test_format_adapters[LEEF:2.0|Vendor|Device|1|10|0x09|src=10.0.0.1\tdst=192.0.2.1\taction=deny-leef]" time="0.000" /><testcase classname="outputs.aegis-ulpf.tests.test_pipeline" name="test_format_adapters[&lt;event&gt;&lt;srcip&gt;10.0.0.1&lt;/srcip&gt;&lt;dstip&gt;192.0.2.1&lt;/dstip&gt;&lt;action&gt;deny&lt;/action&gt;&lt;/event&gt;-xml]" time="0.000" /><testcase classname="outputs.aegis-ulpf.tests.test_pipeline" name="test_format_adapters[srcip,dstip,action\n10.0.0.1,192.0.2.1,deny\n-csv]" time="0.000" /><testcase classname="outputs.aegis-ulpf.tests.test_pipeline" name="test_format_adapters[&lt;134&gt;Sep 17 10:00:00 pfSense filterlog: 5,,,1000000103,em0,match,block,in,4,0x0,,64,1,0,none,6,tcp,60,10.0.0.1,192.0.2.1,5000,443,0,S,1,,65535,,mss-pfsense]" time="0.000" /><testcase classname="outputs.aegis-ulpf.tests.test_pipeline" name="test_format_adapters[&lt;134&gt;1 2026-09-17T10:00:00Z host app - ID1 [example@123 k=&quot;v&quot;] {&quot;src_ip&quot;:&quot;10.0.0.1&quot;}-json]" time="0.000" /><testcase classname="outputs.aegis-ulpf.tests.test_pipeline" name="test_cef_unquoted_spaces_and_escaped_header" time="0.000" /><testcase classname="outputs.aegis-ulpf.tests.test_pipeline" name="test_invalid_ip_and_port_are_reported_not_coerced" time="0.000" /><testcase classname="outputs.aegis-ulpf.tests.test_pipeline" name="test_unknown_vendor_fields_survive" time="0.010" /><testcase classname="outputs.aegis-ulpf.tests.test_pipeline" name="test_fixture_scenario_routes_all_events" time="0.048" /></testsuite></testsuites>